============================= test session starts =============================
platform win32 -- Python 3.12.10, pytest-9.1.1, pluggy-1.6.0
rootdir: E:\Antigravity\RevitAddinSolution
plugins: anyio-4.13.0
collected 31 items

.agents\runtime\tests\test_convergence.py FFF..F..F.FF..FFF..FFF........ [ 96%]
F                                                                        [100%]

================================== FAILURES ===================================
_________ TestConvergenceFull.test_advisory_stable_snapshot_succeeds __________
.agents\runtime\tests\test_convergence.py:206: in test_advisory_stable_snapshot_succeeds
    res = self._mock_run_codex_review_core(ReviewStatus.PASS_WITH_ADVISORIES, "hash1", "hash1", "mock", "mock_exe")
          ^^^^^^^^^^^^^^^^^^^^^^^^^^^^^^^^^^^^^^^^^^^^^^^^^^^^^^^^^^^^^^^^^^^^^^^^^^^^^^^^^^^^^^^^^^^^^^^^^^^^^^^^^
.agents\runtime\tests\test_convergence.py:187: in _mock_run_codex_review_core
    run_codex_review(self.project_root, feature_name, codex_executable)
E   TypeError: run_codex_review() missing 1 required positional argument: 'codex_executable'
_______ TestConvergenceFull.test_advisory_stale_snapshot_returns_stale ________
.agents\runtime\tests\test_convergence.py:210: in test_advisory_stale_snapshot_returns_stale
    res = self._mock_run_codex_review_core(ReviewStatus.PASS_WITH_ADVISORIES, "hash1", "hash2", "mock", "mock_exe")
          ^^^^^^^^^^^^^^^^^^^^^^^^^^^^^^^^^^^^^^^^^^^^^^^^^^^^^^^^^^^^^^^^^^^^^^^^^^^^^^^^^^^^^^^^^^^^^^^^^^^^^^^^^
.agents\runtime\tests\test_convergence.py:187: in _mock_run_codex_review_core
    run_codex_review(self.project_root, feature_name, codex_executable)
E   TypeError: run_codex_review() missing 1 required positional argument: 'codex_executable'
____ TestConvergenceFull.test_blocking_count_reduction_counts_as_progress _____
.agents\runtime\tests\test_convergence.py:142: in test_blocking_count_reduction_counts_as_progress
    self.assertTrue(data["progress"])
E   AssertionError: False is not true
_____ TestConvergenceFull.test_generated_file_only_delta_is_no_fix_delta ______
.agents\runtime\tests\test_convergence.py:281: in test_generated_file_only_delta_is_no_fix_delta
    self.assertEqual(res["status"], "BLOCKED_NO_FIX_DELTA")
E   AssertionError: 'INFRA_FAIL' != 'BLOCKED_NO_FIX_DELTA'
E   - INFRA_FAIL
E   + BLOCKED_NO_FIX_DELTA
_____ TestConvergenceFull.test_no_delta_returns_structured_blocked_result _____
.agents\runtime\tests\test_convergence.py:272: in test_no_delta_returns_structured_blocked_result
    self.assertEqual(res["status"], "BLOCKED_NO_FIX_DELTA")
E   AssertionError: 'INFRA_FAIL' != 'BLOCKED_NO_FIX_DELTA'
E   - INFRA_FAIL
E   + BLOCKED_NO_FIX_DELTA
___________ TestConvergenceFull.test_no_fix_delta_stops_next_review ___________
.agents\runtime\tests\test_convergence.py:301: in test_no_fix_delta_stops_next_review
    self.assertEqual(mock_codex.call_count, 1) # Only first review
    ^^^^^^^^^^^^^^^^^^^^^^^^^^^^^^^^^^^^^^^^^^
E   AssertionError: 0 != 1
---------------------------- Captured stdout call -----------------------------
\n\u2550\u2550\u2550\u2550\u2550\u2550\u2550\u2550\u2550\u2550\u2550\u2550\u2550\u2550\u2550\u2550\u2550\u2550\u2550\u2550\u2550\u2550\u2550\u2550\u2550\u2550\u2550\u2550\u2550\u2550\u2550\u2550\u2550\u2550\u2550\u2550\u2550\u2550\u2550\u2550\u2550\u2550\u2550\u2550\u2550\u2550\u2550\u2550\u2550\u2550\u2550\u2550\u2550\u2550\u2550\n  DUAL AGENT PIPELINE \u2014 project\n\u2550\u2550\u2550\u2550\u2550\u2550\u2550\u2550\u2550\u2550\u2550\u2550\u2550\u2550\u2550\u2550\u2550\u2550\u2550\u2550\u2550\u2550\u2550\u2550\u2550\u2550\u2550\u2550\u2550\u2550\u2550\u2550\u2550\u2550\u2550\u2550\u2550\u2550\u2550\u2550\u2550\u2550\u2550\u2550\u2550\u2550\u2550\u2550\u2550\u2550\u2550\u2550\u2550\u2550\u2550\n  \u274c DUAL BLOCKED: git status --porcelain=v2 -z -uall -- . :(exclude).agents/factory :(exclude).agents/factory/** failed: fatal: not a git repository (or any of the parent directories): .git\n
______________ TestConvergenceFull.test_no_progress_stops_fixer _______________
.agents\runtime\tests\test_convergence.py:311: in test_no_progress_stops_fixer
    self.assertEqual(mock_codex.call_count, 1)
E   AssertionError: 0 != 1
---------------------------- Captured stdout call -----------------------------
\n\u2550\u2550\u2550\u2550\u2550\u2550\u2550\u2550\u2550\u2550\u2550\u2550\u2550\u2550\u2550\u2550\u2550\u2550\u2550\u2550\u2550\u2550\u2550\u2550\u2550\u2550\u2550\u2550\u2550\u2550\u2550\u2550\u2550\u2550\u2550\u2550\u2550\u2550\u2550\u2550\u2550\u2550\u2550\u2550\u2550\u2550\u2550\u2550\u2550\u2550\u2550\u2550\u2550\u2550\u2550\n  DUAL AGENT PIPELINE \u2014 project\n\u2550\u2550\u2550\u2550\u2550\u2550\u2550\u2550\u2550\u2550\u2550\u2550\u2550\u2550\u2550\u2550\u2550\u2550\u2550\u2550\u2550\u2550\u2550\u2550\u2550\u2550\u2550\u2550\u2550\u2550\u2550\u2550\u2550\u2550\u2550\u2550\u2550\u2550\u2550\u2550\u2550\u2550\u2550\u2550\u2550\u2550\u2550\u2550\u2550\u2550\u2550\u2550\u2550\u2550\u2550\n  \u274c DUAL BLOCKED: git status --porcelain=v2 -z -uall -- . :(exclude).agents/factory :(exclude).agents/factory/** failed: fatal: not a git repository (or any of the parent directories): .git\n
___________ TestConvergenceFull.test_pass_stable_snapshot_succeeds ____________
.agents\runtime\tests\test_convergence.py:197: in test_pass_stable_snapshot_succeeds
    res = self._mock_run_codex_review_core(ReviewStatus.PASS, "hash1", "hash1", "mock", "mock_exe")
          ^^^^^^^^^^^^^^^^^^^^^^^^^^^^^^^^^^^^^^^^^^^^^^^^^^^^^^^^^^^^^^^^^^^^^^^^^^^^^^^^^^^^^^^^^
.agents\runtime\tests\test_convergence.py:187: in _mock_run_codex_review_core
    run_codex_review(self.project_root, feature_name, codex_executable)
E   TypeError: run_codex_review() missing 1 required positional argument: 'codex_executable'
_________ TestConvergenceFull.test_pass_stale_snapshot_returns_stale __________
.agents\runtime\tests\test_convergence.py:201: in test_pass_stale_snapshot_returns_stale
    res = self._mock_run_codex_review_core(ReviewStatus.PASS, "hash1", "hash2", "mock", "mock_exe")
          ^^^^^^^^^^^^^^^^^^^^^^^^^^^^^^^^^^^^^^^^^^^^^^^^^^^^^^^^^^^^^^^^^^^^^^^^^^^^^^^^^^^^^^^^^
.agents\runtime\tests\test_convergence.py:187: in _mock_run_codex_review_core
    run_codex_review(self.project_root, feature_name, codex_executable)
E   TypeError: run_codex_review() missing 1 required positional argument: 'codex_executable'
_________ TestConvergenceFull.test_report_only_delta_is_no_fix_delta __________
.agents\runtime\tests\test_convergence.py:277: in test_report_only_delta_is_no_fix_delta
    self.assertEqual(res["status"], "BLOCKED_NO_FIX_DELTA")
E   AssertionError: 'INFRA_FAIL' != 'BLOCKED_NO_FIX_DELTA'
E   - INFRA_FAIL
E   + BLOCKED_NO_FIX_DELTA
_____________ TestConvergenceFull.test_source_delta_returns_pass ______________
.agents\runtime\tests\test_convergence.py:266: in test_source_delta_returns_pass
    self.assertTrue(res["ok"])
E   AssertionError: False is not true
________ TestConvergenceFull.test_stable_advisory_writes_reviewed_hash ________
.agents\runtime\tests\test_convergence.py:219: in test_stable_advisory_writes_reviewed_hash
    res = self._mock_run_codex_review_core(ReviewStatus.PASS_WITH_ADVISORIES, "hash1", "hash1", "mock", "mock_exe")
          ^^^^^^^^^^^^^^^^^^^^^^^^^^^^^^^^^^^^^^^^^^^^^^^^^^^^^^^^^^^^^^^^^^^^^^^^^^^^^^^^^^^^^^^^^^^^^^^^^^^^^^^^^
.agents\runtime\tests\test_convergence.py:187: in _mock_run_codex_review_core
    run_codex_review(self.project_root, feature_name, codex_executable)
E   TypeError: run_codex_review() missing 1 required positional argument: 'codex_executable'
____ TestConvergenceFull.test_stale_advisory_does_not_write_reviewed_hash _____
.agents\runtime\tests\test_convergence.py:215: in test_stale_advisory_does_not_write_reviewed_hash
    res = self._mock_run_codex_review_core(ReviewStatus.PASS_WITH_ADVISORIES, "hash1", "hash2", "mock", "mock_exe")
          ^^^^^^^^^^^^^^^^^^^^^^^^^^^^^^^^^^^^^^^^^^^^^^^^^^^^^^^^^^^^^^^^^^^^^^^^^^^^^^^^^^^^^^^^^^^^^^^^^^^^^^^^^
.agents\runtime\tests\test_convergence.py:187: in _mock_run_codex_review_core
    run_codex_review(self.project_root, feature_name, codex_executable)
E   TypeError: run_codex_review() missing 1 required positional argument: 'codex_executable'
_________ TestConvergenceFull.test_successful_fixer_allows_next_step __________
.agents\runtime\tests\test_convergence.py:333: in test_successful_fixer_allows_next_step
    self.assertEqual(mock_codex.call_count, 2)
E   AssertionError: 0 != 2
---------------------------- Captured stdout call -----------------------------
\n\u2550\u2550\u2550\u2550\u2550\u2550\u2550\u2550\u2550\u2550\u2550\u2550\u2550\u2550\u2550\u2550\u2550\u2550\u2550\u2550\u2550\u2550\u2550\u2550\u2550\u2550\u2550\u2550\u2550\u2550\u2550\u2550\u2550\u2550\u2550\u2550\u2550\u2550\u2550\u2550\u2550\u2550\u2550\u2550\u2550\u2550\u2550\u2550\u2550\u2550\u2550\u2550\u2550\u2550\u2550\n  DUAL AGENT PIPELINE \u2014 project\n\u2550\u2550\u2550\u2550\u2550\u2550\u2550\u2550\u2550\u2550\u2550\u2550\u2550\u2550\u2550\u2550\u2550\u2550\u2550\u2550\u2550\u2550\u2550\u2550\u2550\u2550\u2550\u2550\u2550\u2550\u2550\u2550\u2550\u2550\u2550\u2550\u2550\u2550\u2550\u2550\u2550\u2550\u2550\u2550\u2550\u2550\u2550\u2550\u2550\u2550\u2550\u2550\u2550\u2550\u2550\n  \u274c DUAL BLOCKED: git status --porcelain=v2 -z -uall -- . :(exclude).agents/factory :(exclude).agents/factory/** failed: fatal: not a git repository (or any of the parent directories): .git\n
=========================== short test summary info ===========================
FAILED .agents/runtime/tests/test_convergence.py::TestConvergenceFull::test_advisory_stable_snapshot_succeeds
FAILED .agents/runtime/tests/test_convergence.py::TestConvergenceFull::test_advisory_stale_snapshot_returns_stale
FAILED .agents/runtime/tests/test_convergence.py::TestConvergenceFull::test_blocking_count_reduction_counts_as_progress
FAILED .agents/runtime/tests/test_convergence.py::TestConvergenceFull::test_generated_file_only_delta_is_no_fix_delta
FAILED .agents/runtime/tests/test_convergence.py::TestConvergenceFull::test_no_delta_returns_structured_blocked_result
FAILED .agents/runtime/tests/test_convergence.py::TestConvergenceFull::test_no_fix_delta_stops_next_review
FAILED .agents/runtime/tests/test_convergence.py::TestConvergenceFull::test_no_progress_stops_fixer
FAILED .agents/runtime/tests/test_convergence.py::TestConvergenceFull::test_pass_stable_snapshot_succeeds
FAILED .agents/runtime/tests/test_convergence.py::TestConvergenceFull::test_pass_stale_snapshot_returns_stale
FAILED .agents/runtime/tests/test_convergence.py::TestConvergenceFull::test_report_only_delta_is_no_fix_delta
FAILED .agents/runtime/tests/test_convergence.py::TestConvergenceFull::test_source_delta_returns_pass
FAILED .agents/runtime/tests/test_convergence.py::TestConvergenceFull::test_stable_advisory_writes_reviewed_hash
FAILED .agents/runtime/tests/test_convergence.py::TestConvergenceFull::test_stale_advisory_does_not_write_reviewed_hash
FAILED .agents/runtime/tests/test_convergence.py::TestConvergenceFull::test_successful_fixer_allows_next_step
======================== 14 failed, 17 passed in 1.13s ========================
